I, [2018-03-23T15:18:36.341403 #13554]  INFO -- default-aws: -----> Destroying <default-aws>...
W, [2018-03-23T15:18:36.341887 #13554]  WARN -- default-aws: Running command `terraform init -input=false -lock=true -lock-timeout=0s  -force-copy -backend=true  -get=true -get-plugins=true  -verify-plugins=true /Users/dmw/repos/damacus/terraform-aws-s3-logs-bucket/examples/test_fixture`
I, [2018-03-23T15:18:36.385260 #13554]  INFO -- default-aws: [0m[1mInitializing modules...[0m
I, [2018-03-23T15:18:36.385786 #13554]  INFO -- default-aws: - module.logs_bucket
I, [2018-03-23T15:18:36.392029 #13554]  INFO -- default-aws: 
I, [2018-03-23T15:18:36.392331 #13554]  INFO -- default-aws: [0m[1mInitializing provider plugins...[0m
I, [2018-03-23T15:18:36.658575 #13554]  INFO -- default-aws: 
I, [2018-03-23T15:18:36.658738 #13554]  INFO -- default-aws: The following providers do not have any version constraints in configuration,
I, [2018-03-23T15:18:36.658876 #13554]  INFO -- default-aws: so the latest version was installed.
I, [2018-03-23T15:18:36.658925 #13554]  INFO -- default-aws: 
I, [2018-03-23T15:18:36.659043 #13554]  INFO -- default-aws: To prevent automatic upgrades to new major versions that may contain breaking
I, [2018-03-23T15:18:36.659282 #13554]  INFO -- default-aws: changes, it is recommended to add version = "..." constraints to the
I, [2018-03-23T15:18:36.659410 #13554]  INFO -- default-aws: corresponding provider blocks in configuration, with the constraint strings
I, [2018-03-23T15:18:36.659459 #13554]  INFO -- default-aws: suggested below.
I, [2018-03-23T15:18:36.659510 #13554]  INFO -- default-aws: 
I, [2018-03-23T15:18:36.659715 #13554]  INFO -- default-aws: * provider.aws: version = "~> 1.11"
I, [2018-03-23T15:18:36.659769 #13554]  INFO -- default-aws: 
I, [2018-03-23T15:18:36.660479 #13554]  INFO -- default-aws: [0m[1m[32mTerraform has been successfully initialized![0m[32m[0m
W, [2018-03-23T15:18:36.676439 #13554]  WARN -- default-aws: Running command `terraform workspace select kitchen-terraform-default-aws`
W, [2018-03-23T15:18:36.738351 #13554]  WARN -- default-aws: Running command `terraform destroy -force -lock=true -lock-timeout=0s -input=false  -parallelism=10 -refresh=true   /Users/dmw/repos/damacus/terraform-aws-s3-logs-bucket/examples/test_fixture`
I, [2018-03-23T15:18:40.131073 #13554]  INFO -- default-aws: [0m[1maws_s3_bucket.logs: Refreshing state... (ID: alb.logs.example)[0m
I, [2018-03-23T15:18:45.448165 #13554]  INFO -- default-aws: [0m[1mmodule.logs_bucket.aws_s3_bucket.logs: Destroying... (ID: alb.logs.example)[0m[0m
I, [2018-03-23T15:18:46.186330 #13554]  INFO -- default-aws: [0m[1mmodule.logs_bucket.aws_s3_bucket.logs: Destruction complete after 1s[0m[0m
I, [2018-03-23T15:18:46.192695 #13554]  INFO -- default-aws: [0m[1m[32m
I, [2018-03-23T15:18:46.192861 #13554]  INFO -- default-aws: Destroy complete! Resources: 1 destroyed.[0m
W, [2018-03-23T15:18:46.211454 #13554]  WARN -- default-aws: Running command `terraform workspace select default`
I, [2018-03-23T15:18:46.254542 #13554]  INFO -- default-aws: [0m[32mSwitched to workspace "default".[0m
W, [2018-03-23T15:18:46.270920 #13554]  WARN -- default-aws: Running command `terraform workspace delete kitchen-terraform-default-aws`
I, [2018-03-23T15:18:46.325503 #13554]  INFO -- default-aws: [0m[32mDeleted workspace "kitchen-terraform-default-aws"![0m
I, [2018-03-23T15:18:46.340854 #13554]  INFO -- default-aws: Finished destroying <default-aws> (0m10.00s).
